
*** Running vivado
    with args -log design_1_adpt_in_0_0.vds -m64 -product Vivado -mode batch -messageDb vivado.pb -notrace -source design_1_adpt_in_0_0.tcl



****** Vivado v2024.2 (64-bit)
  **** SW Build 5239630 on Fri Nov 08 22:35:27 MST 2024
  **** IP Build 5239520 on Sun Nov 10 16:12:51 MST 2024
  **** SharedData Build 5239561 on Fri Nov 08 14:39:27 MST 2024
  **** Start of session at: Mon Sep 22 10:45:46 2025
    ** Copyright 1986-2022 Xilinx, Inc. All Rights Reserved.
    ** Copyright 2022-2024 Advanced Micro Devices, Inc. All Rights Reserved.

source design_1_adpt_in_0_0.tcl -notrace
INFO: [IP_Flow 19-234] Refreshing IP repositories
INFO: [IP_Flow 19-1700] Loaded user IP repository 'd:/vivadoRepo/ip_repo'.
INFO: [IP_Flow 19-1700] Loaded user IP repository 'd:/vivadoRepo/cg_fpga_slim_1_4'.
INFO: [IP_Flow 19-2313] Loaded Vivado IP repository 'C:/Xilinx/Vivado/2024.2/data/ip'.
Command: synth_design -top design_1_adpt_in_0_0 -part xc7z020clg400-1 -incremental_mode off -mode out_of_context
Starting synth_design
Attempting to get a license for feature 'Synthesis' and/or device 'xc7z020'
INFO: [Common 17-349] Got license for feature 'Synthesis' and/or device 'xc7z020'
INFO: [Device 21-403] Loading part xc7z020clg400-1
INFO: [Synth 8-7079] Multithreading enabled for synth_design using a maximum of 2 processes.
INFO: [Synth 8-7078] Launching helper process for spawning children vivado processes
INFO: [Synth 8-7075] Helper process launched with PID 7820
系统无法执行指定的程序。
---------------------------------------------------------------------------------
Starting RTL Elaboration : Time (s): cpu = 00:00:06 ; elapsed = 00:00:07 . Memory (MB): peak = 1081.223 ; gain = 466.832
---------------------------------------------------------------------------------
INFO: [Synth 8-6157] synthesizing module 'design_1_adpt_in_0_0' [d:/vivadoRepo/lab3/lab3.gen/sources_1/bd/design_1/ip/design_1_adpt_in_0_0/synth/design_1_adpt_in_0_0.v:53]
INFO: [Synth 8-6157] synthesizing module 'adpt_in' [D:/vivadoRepo/lab3/exp3_source.v:1]
INFO: [Synth 8-6155] done synthesizing module 'adpt_in' (0#1) [D:/vivadoRepo/lab3/exp3_source.v:1]
INFO: [Synth 8-6155] done synthesizing module 'design_1_adpt_in_0_0' (0#1) [d:/vivadoRepo/lab3/lab3.gen/sources_1/bd/design_1/ip/design_1_adpt_in_0_0/synth/design_1_adpt_in_0_0.v:53]
WARNING: [Synth 8-7129] Port sw_a[31] in module adpt_in is either unconnected or has no load
WARNING: [Synth 8-7129] Port sw_a[30] in module adpt_in is either unconnected or has no load
WARNING: [Synth 8-7129] Port sw_a[29] in module adpt_in is either unconnected or has no load
WARNING: [Synth 8-7129] Port sw_a[28] in module adpt_in is either unconnected or has no load
WARNING: [Synth 8-7129] Port sw_a[27] in module adpt_in is either unconnected or has no load
WARNING: [Synth 8-7129] Port sw_a[26] in module adpt_in is either unconnected or has no load
WARNING: [Synth 8-7129] Port sw_a[25] in module adpt_in is either unconnected or has no load
WARNING: [Synth 8-7129] Port sw_a[24] in module adpt_in is either unconnected or has no load
WARNING: [Synth 8-7129] Port sw_a[23] in module adpt_in is either unconnected or has no load
WARNING: [Synth 8-7129] Port sw_a[22] in module adpt_in is either unconnected or has no load
WARNING: [Synth 8-7129] Port sw_a[21] in module adpt_in is either unconnected or has no load
WARNING: [Synth 8-7129] Port sw_a[20] in module adpt_in is either unconnected or has no load
WARNING: [Synth 8-7129] Port sw_a[19] in module adpt_in is either unconnected or has no load
WARNING: [Synth 8-7129] Port sw_a[18] in module adpt_in is either unconnected or has no load
---------------------------------------------------------------------------------
Finished RTL Elaboration : Time (s): cpu = 00:00:08 ; elapsed = 00:00:09 . Memory (MB): peak = 1191.281 ; gain = 576.891
---------------------------------------------------------------------------------
---------------------------------------------------------------------------------
Start Handling Custom Attributes
---------------------------------------------------------------------------------
---------------------------------------------------------------------------------
Finished Handling Custom Attributes : Time (s): cpu = 00:00:08 ; elapsed = 00:00:09 . Memory (MB): peak = 1191.281 ; gain = 576.891
---------------------------------------------------------------------------------
---------------------------------------------------------------------------------
Finished RTL Optimization Phase 1 : Time (s): cpu = 00:00:08 ; elapsed = 00:00:09 . Memory (MB): peak = 1191.281 ; gain = 576.891
---------------------------------------------------------------------------------
Netlist sorting complete. Time (s): cpu = 00:00:00 ; elapsed = 00:00:00 . Memory (MB): peak = 1191.281 ; gain = 0.000
INFO: [Project 1-570] Preparing netlist for logic optimization

Processing XDC Constraints
Initializing timing engine
Completed Processing XDC Constraints

Netlist sorting complete. Time (s): cpu = 00:00:00 ; elapsed = 00:00:00 . Memory (MB): peak = 1193.836 ; gain = 0.000
INFO: [Project 1-111] Unisim Transformation Summary:
No Unisim elements were transformed.

Constraint Validation Runtime : Time (s): cpu = 00:00:00 ; elapsed = 00:00:00.019 . Memory (MB): peak = 1193.930 ; gain = 0.094
INFO: [Designutils 20-5008] Incremental synthesis strategy off
---------------------------------------------------------------------------------
Finished Constraint Validation : Time (s): cpu = 00:00:17 ; elapsed = 00:00:18 . Memory (MB): peak = 1193.930 ; gain = 579.539
---------------------------------------------------------------------------------
---------------------------------------------------------------------------------
Start Loading Part and Timing Information
---------------------------------------------------------------------------------
Loading part: xc7z020clg400-1
---------------------------------------------------------------------------------
Finished Loading Part and Timing Information : Time (s): cpu = 00:00:17 ; elapsed = 00:00:18 . Memory (MB): peak = 1193.930 ; gain = 579.539
---------------------------------------------------------------------------------
---------------------------------------------------------------------------------
Start Applying 'set_property' XDC Constraints
---------------------------------------------------------------------------------
---------------------------------------------------------------------------------
Finished applying 'set_property' XDC Constraints : Time (s): cpu = 00:00:17 ; elapsed = 00:00:18 . Memory (MB): peak = 1193.930 ; gain = 579.539
---------------------------------------------------------------------------------
---------------------------------------------------------------------------------
Finished RTL Optimization Phase 2 : Time (s): cpu = 00:00:17 ; elapsed = 00:00:18 . Memory (MB): peak = 1193.930 ; gain = 579.539
---------------------------------------------------------------------------------
---------------------------------------------------------------------------------
Start RTL Component Statistics 
---------------------------------------------------------------------------------
Detailed RTL Component Info : 
---------------------------------------------------------------------------------
Finished RTL Component Statistics 
---------------------------------------------------------------------------------
---------------------------------------------------------------------------------
Start Part Resource Summary
---------------------------------------------------------------------------------
Part Resources:
DSPs: 220 (col length:60)
BRAMs: 280 (col length: RAMB18 60 RAMB36 30)
---------------------------------------------------------------------------------
Finished Part Resource Summary
---------------------------------------------------------------------------------
---------------------------------------------------------------------------------
Start Cross Boundary and Area Optimization
---------------------------------------------------------------------------------
WARNING: [Synth 8-7080] Parallel synthesis criteria is not met
WARNING: [Synth 8-7129] Port sw_a[31] in module design_1_adpt_in_0_0 is either unconnected or has no load
WARNING: [Synth 8-7129] Port sw_a[30] in module design_1_adpt_in_0_0 is either unconnected or has no load
WARNING: [Synth 8-7129] Port sw_a[29] in module design_1_adpt_in_0_0 is either unconnected or has no load
WARNING: [Synth 8-7129] Port sw_a[28] in module design_1_adpt_in_0_0 is either unconnected or has no load
WARNING: [Synth 8-7129] Port sw_a[27] in module design_1_adpt_in_0_0 is either unconnected or has no load
WARNING: [Synth 8-7129] Port sw_a[26] in module design_1_adpt_in_0_0 is either unconnected or has no load
WARNING: [Synth 8-7129] Port sw_a[25] in module design_1_adpt_in_0_0 is either unconnected or has no load
WARNING: [Synth 8-7129] Port sw_a[24] in module design_1_adpt_in_0_0 is either unconnected or has no load
WARNING: [Synth 8-7129] Port sw_a[23] in module design_1_adpt_in_0_0 is either unconnected or has no load
WARNING: [Synth 8-7129] Port sw_a[22] in module design_1_adpt_in_0_0 is either unconnected or has no load
WARNING: [Synth 8-7129] Port sw_a[21] in module design_1_adpt_in_0_0 is either unconnected or has no load
WARNING: [Synth 8-7129] Port sw_a[20] in module design_1_adpt_in_0_0 is either unconnected or has no load
WARNING: [Synth 8-7129] Port sw_a[19] in module design_1_adpt_in_0_0 is either unconnected or has no load
WARNING: [Synth 8-7129] Port sw_a[18] in module design_1_adpt_in_0_0 is either unconnected or has no load
---------------------------------------------------------------------------------
Finished Cross Boundary and Area Optimization : Time (s): cpu = 00:00:19 ; elapsed = 00:00:20 . Memory (MB): peak = 1204.941 ; gain = 590.551
---------------------------------------------------------------------------------
---------------------------------------------------------------------------------
Start Applying XDC Timing Constraints
---------------------------------------------------------------------------------
---------------------------------------------------------------------------------
Finished Applying XDC Timing Constraints : Time (s): cpu = 00:00:26 ; elapsed = 00:00:27 . Memory (MB): peak = 1367.547 ; gain = 753.156
---------------------------------------------------------------------------------
---------------------------------------------------------------------------------
Start Timing Optimization
---------------------------------------------------------------------------------
---------------------------------------------------------------------------------
Finished Timing Optimization : Time (s): cpu = 00:00:26 ; elapsed = 00:00:27 . Memory (MB): peak = 1367.547 ; gain = 753.156
---------------------------------------------------------------------------------
---------------------------------------------------------------------------------
Start Technology Mapping
---------------------------------------------------------------------------------
---------------------------------------------------------------------------------
Finished Technology Mapping : Time (s): cpu = 00:00:26 ; elapsed = 00:00:27 . Memory (MB): peak = 1377.129 ; gain = 762.738
---------------------------------------------------------------------------------
---------------------------------------------------------------------------------
Start IO Insertion
---------------------------------------------------------------------------------
---------------------------------------------------------------------------------
Start Flattening Before IO Insertion
---------------------------------------------------------------------------------
---------------------------------------------------------------------------------
Finished Flattening Before IO Insertion
---------------------------------------------------------------------------------
---------------------------------------------------------------------------------
Start Final Netlist Cleanup
---------------------------------------------------------------------------------
---------------------------------------------------------------------------------
Finished Final Netlist Cleanup
---------------------------------------------------------------------------------
---------------------------------------------------------------------------------
Finished IO Insertion : Time (s): cpu = 00:00:30 ; elapsed = 00:00:32 . Memory (MB): peak = 1594.102 ; gain = 979.711
---------------------------------------------------------------------------------
---------------------------------------------------------------------------------
Start Renaming Generated Instances
---------------------------------------------------------------------------------
---------------------------------------------------------------------------------
Finished Renaming Generated Instances : Time (s): cpu = 00:00:30 ; elapsed = 00:00:32 . Memory (MB): peak = 1594.102 ; gain = 979.711
---------------------------------------------------------------------------------
---------------------------------------------------------------------------------
Start Rebuilding User Hierarchy
---------------------------------------------------------------------------------
---------------------------------------------------------------------------------
Finished Rebuilding User Hierarchy : Time (s): cpu = 00:00:30 ; elapsed = 00:00:32 . Memory (MB): peak = 1594.102 ; gain = 979.711
---------------------------------------------------------------------------------
---------------------------------------------------------------------------------
Start Renaming Generated Ports
---------------------------------------------------------------------------------
---------------------------------------------------------------------------------
Finished Renaming Generated Ports : Time (s): cpu = 00:00:30 ; elapsed = 00:00:32 . Memory (MB): peak = 1594.102 ; gain = 979.711
---------------------------------------------------------------------------------
---------------------------------------------------------------------------------
Start Handling Custom Attributes
---------------------------------------------------------------------------------
---------------------------------------------------------------------------------
Finished Handling Custom Attributes : Time (s): cpu = 00:00:30 ; elapsed = 00:00:32 . Memory (MB): peak = 1594.102 ; gain = 979.711
---------------------------------------------------------------------------------
---------------------------------------------------------------------------------
Start Renaming Generated Nets
---------------------------------------------------------------------------------
---------------------------------------------------------------------------------
Finished Renaming Generated Nets : Time (s): cpu = 00:00:30 ; elapsed = 00:00:32 . Memory (MB): peak = 1594.102 ; gain = 979.711
---------------------------------------------------------------------------------
---------------------------------------------------------------------------------
Start Writing Synthesis Report
---------------------------------------------------------------------------------

Report BlackBoxes: 
+-+--------------+----------+
| |BlackBox name |Instances |
+-+--------------+----------+
+-+--------------+----------+

Report Cell Usage: 
+------+-----+------+
|      |Cell |Count |
+------+-----+------+
|1     |LUT1 |    18|
+------+-----+------+
---------------------------------------------------------------------------------
Finished Writing Synthesis Report : Time (s): cpu = 00:00:30 ; elapsed = 00:00:32 . Memory (MB): peak = 1594.102 ; gain = 979.711
---------------------------------------------------------------------------------
Synthesis finished with 0 errors, 0 critical warnings and 15 warnings.
Synthesis Optimization Runtime : Time (s): cpu = 00:00:21 ; elapsed = 00:00:30 . Memory (MB): peak = 1594.102 ; gain = 977.062
Synthesis Optimization Complete : Time (s): cpu = 00:00:31 ; elapsed = 00:00:33 . Memory (MB): peak = 1594.102 ; gain = 979.711
INFO: [Project 1-571] Translating synthesized netlist
Netlist sorting complete. Time (s): cpu = 00:00:00 ; elapsed = 00:00:00 . Memory (MB): peak = 1594.102 ; gain = 0.000
INFO: [Project 1-570] Preparing netlist for logic optimization
INFO: [Opt 31-138] Pushed 0 inverter(s) to 0 load pin(s).
Netlist sorting complete. Time (s): cpu = 00:00:00 ; elapsed = 00:00:00 . Memory (MB): peak = 1594.102 ; gain = 0.000
INFO: [Project 1-111] Unisim Transformation Summary:
No Unisim elements were transformed.

Synth Design complete | Checksum: 8443f7b
INFO: [Common 17-83] Releasing license: Synthesis
21 Infos, 29 Warnings, 0 Critical Warnings and 0 Errors encountered.
synth_design completed successfully
synth_design: Time (s): cpu = 00:00:35 ; elapsed = 00:00:39 . Memory (MB): peak = 1594.102 ; gain = 1208.637
INFO: [Common 17-1381] The checkpoint 'D:/vivadoRepo/lab3/design_1_adpt_in_0_0_synth_1/design_1_adpt_in_0_0.dcp' has been generated.
INFO: [Vivado 12-24828] Executing command : report_utilization -file design_1_adpt_in_0_0_utilization_synth.rpt -pb design_1_adpt_in_0_0_utilization_synth.pb
INFO: [Common 17-206] Exiting Vivado at Mon Sep 22 10:46:31 2025...
