
*** Running vivado
    with args -log design_2_adpt_in4_only_0_0.vds -m64 -product Vivado -mode batch -messageDb vivado.pb -notrace -source design_2_adpt_in4_only_0_0.tcl



****** Vivado v2025.1 (64-bit)
  **** SW Build 6140274 on Thu May 22 00:12:29 MDT 2025
  **** IP Build 6138677 on Thu May 22 03:10:11 MDT 2025
  **** SharedData Build 6139179 on Tue May 20 17:58:58 MDT 2025
  **** Start of session at: Sun Sep 21 11:12:24 2025
    ** Copyright 1986-2022 Xilinx, Inc. All Rights Reserved.
    ** Copyright 2022-2025 Advanced Micro Devices, Inc. All Rights Reserved.

source design_2_adpt_in4_only_0_0.tcl -notrace
INFO: [IP_Flow 19-234] Refreshing IP repositories
INFO: [IP_Flow 19-1700] Loaded user IP repository 'f:/Haoyang_Sun/experiments/ip_repo'.
INFO: [IP_Flow 19-1700] Loaded user IP repository 'f:/Haoyang_Sun/experiments/cg_fpga_slim_1_4'.
INFO: [IP_Flow 19-2313] Loaded Vivado IP repository 'E:/vivado/2025.1/Vivado/data/ip'.
Command: synth_design -top design_2_adpt_in4_only_0_0 -part xc7z020clg400-1 -incremental_mode off -mode out_of_context
Starting synth_design
Attempting to get a license for feature 'Synthesis' and/or device 'xc7z020'
INFO: [Common 17-349] Got license for feature 'Synthesis' and/or device 'xc7z020'
INFO: [Device 21-403] Loading part xc7z020clg400-1
INFO: [Synth 8-7079] Multithreading enabled for synth_design using a maximum of 2 processes.
INFO: [Synth 8-7078] Launching helper process for spawning children vivado processes
INFO: [Synth 8-7075] Helper process launched with PID 55432
---------------------------------------------------------------------------------
Starting RTL Elaboration : Time (s): cpu = 00:00:03 ; elapsed = 00:00:03 . Memory (MB): peak = 1232.449 ; gain = 491.902
---------------------------------------------------------------------------------
INFO: [Synth 8-6157] synthesizing module 'design_2_adpt_in4_only_0_0' [f:/Haoyang_Sun/experiments/lab2-ex/lab2.gen/sources_1/bd/design_2/ip/design_2_adpt_in4_only_0_0/synth/design_2_adpt_in4_only_0_0.v:53]
INFO: [Synth 8-6157] synthesizing module 'adpt_in4_only' [F:/Haoyang_Sun/experiments/lab2-ex/exp2_source.v:81]
INFO: [Synth 8-6155] done synthesizing module 'adpt_in4_only' (0#1) [F:/Haoyang_Sun/experiments/lab2-ex/exp2_source.v:81]
INFO: [Synth 8-6155] done synthesizing module 'design_2_adpt_in4_only_0_0' (0#1) [f:/Haoyang_Sun/experiments/lab2-ex/lab2.gen/sources_1/bd/design_2/ip/design_2_adpt_in4_only_0_0/synth/design_2_adpt_in4_only_0_0.v:53]
WARNING: [Synth 8-7129] Port sw1[31] in module adpt_in4_only is either unconnected or has no load
WARNING: [Synth 8-7129] Port sw1[30] in module adpt_in4_only is either unconnected or has no load
WARNING: [Synth 8-7129] Port sw1[29] in module adpt_in4_only is either unconnected or has no load
WARNING: [Synth 8-7129] Port sw1[28] in module adpt_in4_only is either unconnected or has no load
WARNING: [Synth 8-7129] Port sw1[27] in module adpt_in4_only is either unconnected or has no load
WARNING: [Synth 8-7129] Port sw1[26] in module adpt_in4_only is either unconnected or has no load
WARNING: [Synth 8-7129] Port sw1[25] in module adpt_in4_only is either unconnected or has no load
WARNING: [Synth 8-7129] Port sw1[24] in module adpt_in4_only is either unconnected or has no load
WARNING: [Synth 8-7129] Port sw1[23] in module adpt_in4_only is either unconnected or has no load
WARNING: [Synth 8-7129] Port sw1[22] in module adpt_in4_only is either unconnected or has no load
WARNING: [Synth 8-7129] Port sw1[21] in module adpt_in4_only is either unconnected or has no load
WARNING: [Synth 8-7129] Port sw1[20] in module adpt_in4_only is either unconnected or has no load
WARNING: [Synth 8-7129] Port sw1[19] in module adpt_in4_only is either unconnected or has no load
WARNING: [Synth 8-7129] Port sw1[18] in module adpt_in4_only is either unconnected or has no load
WARNING: [Synth 8-7129] Port sw1[17] in module adpt_in4_only is either unconnected or has no load
WARNING: [Synth 8-7129] Port sw1[16] in module adpt_in4_only is either unconnected or has no load
WARNING: [Synth 8-7129] Port sw1[15] in module adpt_in4_only is either unconnected or has no load
WARNING: [Synth 8-7129] Port sw1[14] in module adpt_in4_only is either unconnected or has no load
WARNING: [Synth 8-7129] Port sw1[13] in module adpt_in4_only is either unconnected or has no load
WARNING: [Synth 8-7129] Port sw1[12] in module adpt_in4_only is either unconnected or has no load
WARNING: [Synth 8-7129] Port sw1[11] in module adpt_in4_only is either unconnected or has no load
WARNING: [Synth 8-7129] Port sw1[10] in module adpt_in4_only is either unconnected or has no load
WARNING: [Synth 8-7129] Port sw1[9] in module adpt_in4_only is either unconnected or has no load
WARNING: [Synth 8-7129] Port sw1[8] in module adpt_in4_only is either unconnected or has no load
WARNING: [Synth 8-7129] Port sw1[7] in module adpt_in4_only is either unconnected or has no load
WARNING: [Synth 8-7129] Port sw1[6] in module adpt_in4_only is either unconnected or has no load
WARNING: [Synth 8-7129] Port sw1[5] in module adpt_in4_only is either unconnected or has no load
WARNING: [Synth 8-7129] Port sw1[4] in module adpt_in4_only is either unconnected or has no load
---------------------------------------------------------------------------------
Finished RTL Elaboration : Time (s): cpu = 00:00:04 ; elapsed = 00:00:04 . Memory (MB): peak = 1344.609 ; gain = 604.062
---------------------------------------------------------------------------------
---------------------------------------------------------------------------------
Start Handling Custom Attributes
---------------------------------------------------------------------------------
---------------------------------------------------------------------------------
Finished Handling Custom Attributes : Time (s): cpu = 00:00:04 ; elapsed = 00:00:04 . Memory (MB): peak = 1344.609 ; gain = 604.062
---------------------------------------------------------------------------------
---------------------------------------------------------------------------------
Finished RTL Optimization Phase 1 : Time (s): cpu = 00:00:04 ; elapsed = 00:00:04 . Memory (MB): peak = 1344.609 ; gain = 604.062
---------------------------------------------------------------------------------
Netlist sorting complete. Time (s): cpu = 00:00:00 ; elapsed = 00:00:00 . Memory (MB): peak = 1344.609 ; gain = 0.000
INFO: [Project 1-570] Preparing netlist for logic optimization

Processing XDC Constraints
Initializing timing engine
Completed Processing XDC Constraints

Netlist sorting complete. Time (s): cpu = 00:00:00 ; elapsed = 00:00:00 . Memory (MB): peak = 1344.609 ; gain = 0.000
INFO: [Project 1-111] Unisim Transformation Summary:
No Unisim elements were transformed.

Constraint Validation Runtime : Time (s): cpu = 00:00:00 ; elapsed = 00:00:00.021 . Memory (MB): peak = 1344.609 ; gain = 0.000
INFO: [Designutils 20-5008] Incremental synthesis strategy off
---------------------------------------------------------------------------------
Finished Constraint Validation : Time (s): cpu = 00:00:08 ; elapsed = 00:00:09 . Memory (MB): peak = 1344.609 ; gain = 604.062
---------------------------------------------------------------------------------
---------------------------------------------------------------------------------
Start Loading Part and Timing Information
---------------------------------------------------------------------------------
Loading part: xc7z020clg400-1
---------------------------------------------------------------------------------
Finished Loading Part and Timing Information : Time (s): cpu = 00:00:08 ; elapsed = 00:00:09 . Memory (MB): peak = 1344.609 ; gain = 604.062
---------------------------------------------------------------------------------
---------------------------------------------------------------------------------
Start Applying 'set_property' XDC Constraints
---------------------------------------------------------------------------------
---------------------------------------------------------------------------------
Finished applying 'set_property' XDC Constraints : Time (s): cpu = 00:00:08 ; elapsed = 00:00:09 . Memory (MB): peak = 1344.609 ; gain = 604.062
---------------------------------------------------------------------------------
---------------------------------------------------------------------------------
Finished RTL Optimization Phase 2 : Time (s): cpu = 00:00:08 ; elapsed = 00:00:09 . Memory (MB): peak = 1344.609 ; gain = 604.062
---------------------------------------------------------------------------------
---------------------------------------------------------------------------------
Start RTL Component Statistics 
---------------------------------------------------------------------------------
Detailed RTL Component Info : 
---------------------------------------------------------------------------------
Finished RTL Component Statistics 
---------------------------------------------------------------------------------
---------------------------------------------------------------------------------
Start Part Resource Summary
---------------------------------------------------------------------------------
Part Resources:
DSPs: 220 (col length:60)
BRAMs: 280 (col length: RAMB18 60 RAMB36 30)
---------------------------------------------------------------------------------
Finished Part Resource Summary
---------------------------------------------------------------------------------
---------------------------------------------------------------------------------
Start Cross Boundary and Area Optimization
---------------------------------------------------------------------------------
WARNING: [Synth 8-7080] Parallel synthesis criteria is not met
WARNING: [Synth 8-7129] Port sw1[31] in module design_2_adpt_in4_only_0_0 is either unconnected or has no load
WARNING: [Synth 8-7129] Port sw1[30] in module design_2_adpt_in4_only_0_0 is either unconnected or has no load
WARNING: [Synth 8-7129] Port sw1[29] in module design_2_adpt_in4_only_0_0 is either unconnected or has no load
WARNING: [Synth 8-7129] Port sw1[28] in module design_2_adpt_in4_only_0_0 is either unconnected or has no load
WARNING: [Synth 8-7129] Port sw1[27] in module design_2_adpt_in4_only_0_0 is either unconnected or has no load
WARNING: [Synth 8-7129] Port sw1[26] in module design_2_adpt_in4_only_0_0 is either unconnected or has no load
WARNING: [Synth 8-7129] Port sw1[25] in module design_2_adpt_in4_only_0_0 is either unconnected or has no load
WARNING: [Synth 8-7129] Port sw1[24] in module design_2_adpt_in4_only_0_0 is either unconnected or has no load
WARNING: [Synth 8-7129] Port sw1[23] in module design_2_adpt_in4_only_0_0 is either unconnected or has no load
WARNING: [Synth 8-7129] Port sw1[22] in module design_2_adpt_in4_only_0_0 is either unconnected or has no load
WARNING: [Synth 8-7129] Port sw1[21] in module design_2_adpt_in4_only_0_0 is either unconnected or has no load
WARNING: [Synth 8-7129] Port sw1[20] in module design_2_adpt_in4_only_0_0 is either unconnected or has no load
WARNING: [Synth 8-7129] Port sw1[19] in module design_2_adpt_in4_only_0_0 is either unconnected or has no load
WARNING: [Synth 8-7129] Port sw1[18] in module design_2_adpt_in4_only_0_0 is either unconnected or has no load
WARNING: [Synth 8-7129] Port sw1[17] in module design_2_adpt_in4_only_0_0 is either unconnected or has no load
WARNING: [Synth 8-7129] Port sw1[16] in module design_2_adpt_in4_only_0_0 is either unconnected or has no load
WARNING: [Synth 8-7129] Port sw1[15] in module design_2_adpt_in4_only_0_0 is either unconnected or has no load
WARNING: [Synth 8-7129] Port sw1[14] in module design_2_adpt_in4_only_0_0 is either unconnected or has no load
WARNING: [Synth 8-7129] Port sw1[13] in module design_2_adpt_in4_only_0_0 is either unconnected or has no load
WARNING: [Synth 8-7129] Port sw1[12] in module design_2_adpt_in4_only_0_0 is either unconnected or has no load
WARNING: [Synth 8-7129] Port sw1[11] in module design_2_adpt_in4_only_0_0 is either unconnected or has no load
WARNING: [Synth 8-7129] Port sw1[10] in module design_2_adpt_in4_only_0_0 is either unconnected or has no load
WARNING: [Synth 8-7129] Port sw1[9] in module design_2_adpt_in4_only_0_0 is either unconnected or has no load
WARNING: [Synth 8-7129] Port sw1[8] in module design_2_adpt_in4_only_0_0 is either unconnected or has no load
WARNING: [Synth 8-7129] Port sw1[7] in module design_2_adpt_in4_only_0_0 is either unconnected or has no load
WARNING: [Synth 8-7129] Port sw1[6] in module design_2_adpt_in4_only_0_0 is either unconnected or has no load
WARNING: [Synth 8-7129] Port sw1[5] in module design_2_adpt_in4_only_0_0 is either unconnected or has no load
WARNING: [Synth 8-7129] Port sw1[4] in module design_2_adpt_in4_only_0_0 is either unconnected or has no load
---------------------------------------------------------------------------------
Finished Cross Boundary and Area Optimization : Time (s): cpu = 00:00:09 ; elapsed = 00:00:10 . Memory (MB): peak = 1373.254 ; gain = 632.707
---------------------------------------------------------------------------------
---------------------------------------------------------------------------------
Start Applying XDC Timing Constraints
---------------------------------------------------------------------------------
---------------------------------------------------------------------------------
Finished Applying XDC Timing Constraints : Time (s): cpu = 00:00:13 ; elapsed = 00:00:14 . Memory (MB): peak = 1537.156 ; gain = 796.609
---------------------------------------------------------------------------------
---------------------------------------------------------------------------------
Start Timing Optimization
---------------------------------------------------------------------------------
---------------------------------------------------------------------------------
Finished Timing Optimization : Time (s): cpu = 00:00:13 ; elapsed = 00:00:14 . Memory (MB): peak = 1537.156 ; gain = 796.609
---------------------------------------------------------------------------------
---------------------------------------------------------------------------------
Start Technology Mapping
---------------------------------------------------------------------------------
---------------------------------------------------------------------------------
Finished Technology Mapping : Time (s): cpu = 00:00:13 ; elapsed = 00:00:14 . Memory (MB): peak = 1546.738 ; gain = 806.191
---------------------------------------------------------------------------------
---------------------------------------------------------------------------------
Start IO Insertion
---------------------------------------------------------------------------------
---------------------------------------------------------------------------------
Start Flattening Before IO Insertion
---------------------------------------------------------------------------------
---------------------------------------------------------------------------------
Finished Flattening Before IO Insertion
---------------------------------------------------------------------------------
---------------------------------------------------------------------------------
Start Final Netlist Cleanup
---------------------------------------------------------------------------------
---------------------------------------------------------------------------------
Finished Final Netlist Cleanup
---------------------------------------------------------------------------------
---------------------------------------------------------------------------------
Finished IO Insertion : Time (s): cpu = 00:00:15 ; elapsed = 00:00:16 . Memory (MB): peak = 1782.184 ; gain = 1041.637
---------------------------------------------------------------------------------
---------------------------------------------------------------------------------
Start Renaming Generated Instances
---------------------------------------------------------------------------------
---------------------------------------------------------------------------------
Finished Renaming Generated Instances : Time (s): cpu = 00:00:15 ; elapsed = 00:00:16 . Memory (MB): peak = 1782.184 ; gain = 1041.637
---------------------------------------------------------------------------------
---------------------------------------------------------------------------------
Start Rebuilding User Hierarchy
---------------------------------------------------------------------------------
---------------------------------------------------------------------------------
Finished Rebuilding User Hierarchy : Time (s): cpu = 00:00:15 ; elapsed = 00:00:16 . Memory (MB): peak = 1782.184 ; gain = 1041.637
---------------------------------------------------------------------------------
---------------------------------------------------------------------------------
Start Renaming Generated Ports
---------------------------------------------------------------------------------
---------------------------------------------------------------------------------
Finished Renaming Generated Ports : Time (s): cpu = 00:00:15 ; elapsed = 00:00:16 . Memory (MB): peak = 1782.184 ; gain = 1041.637
---------------------------------------------------------------------------------
---------------------------------------------------------------------------------
Start Handling Custom Attributes
---------------------------------------------------------------------------------
---------------------------------------------------------------------------------
Finished Handling Custom Attributes : Time (s): cpu = 00:00:15 ; elapsed = 00:00:16 . Memory (MB): peak = 1782.184 ; gain = 1041.637
---------------------------------------------------------------------------------
---------------------------------------------------------------------------------
Start Renaming Generated Nets
---------------------------------------------------------------------------------
---------------------------------------------------------------------------------
Finished Renaming Generated Nets : Time (s): cpu = 00:00:15 ; elapsed = 00:00:16 . Memory (MB): peak = 1782.184 ; gain = 1041.637
---------------------------------------------------------------------------------
---------------------------------------------------------------------------------
Start Writing Synthesis Report
---------------------------------------------------------------------------------

Report BlackBoxes: 
+-+--------------+----------+
| |BlackBox name |Instances |
+-+--------------+----------+
+-+--------------+----------+

Report Cell Usage: 
+------+-----+------+
|      |Cell |Count |
+------+-----+------+
|1     |LUT1 |     4|
+------+-----+------+
---------------------------------------------------------------------------------
Finished Writing Synthesis Report : Time (s): cpu = 00:00:15 ; elapsed = 00:00:16 . Memory (MB): peak = 1782.184 ; gain = 1041.637
---------------------------------------------------------------------------------
Synthesis finished with 0 errors, 0 critical warnings and 29 warnings.
Synthesis Optimization Runtime : Time (s): cpu = 00:00:10 ; elapsed = 00:00:15 . Memory (MB): peak = 1782.184 ; gain = 1041.637
Synthesis Optimization Complete : Time (s): cpu = 00:00:15 ; elapsed = 00:00:16 . Memory (MB): peak = 1782.184 ; gain = 1041.637
INFO: [Project 1-571] Translating synthesized netlist
Netlist sorting complete. Time (s): cpu = 00:00:00 ; elapsed = 00:00:00 . Memory (MB): peak = 1783.047 ; gain = 0.000
INFO: [Project 1-570] Preparing netlist for logic optimization
INFO: [Opt 31-138] Pushed 0 inverter(s) to 0 load pin(s).
Netlist sorting complete. Time (s): cpu = 00:00:00 ; elapsed = 00:00:00 . Memory (MB): peak = 1786.684 ; gain = 0.000
INFO: [Project 1-111] Unisim Transformation Summary:
No Unisim elements were transformed.

Synth Design complete | Checksum: c71d69d8
INFO: [Common 17-83] Releasing license: Synthesis
21 Infos, 57 Warnings, 0 Critical Warnings and 0 Errors encountered.
synth_design completed successfully
synth_design: Time (s): cpu = 00:00:18 ; elapsed = 00:00:22 . Memory (MB): peak = 1786.684 ; gain = 1271.094
INFO: [Common 17-1381] The checkpoint 'F:/Haoyang_Sun/experiments/lab2-ex/design_2_adpt_in4_only_0_0_synth_1/design_2_adpt_in4_only_0_0.dcp' has been generated.
INFO: [Vivado 12-24828] Executing command : report_utilization -file design_2_adpt_in4_only_0_0_utilization_synth.rpt -pb design_2_adpt_in4_only_0_0_utilization_synth.pb
INFO: [Common 17-206] Exiting Vivado at Sun Sep 21 11:12:53 2025...
